<?xml version="1.0" encoding="UTF-8"?>
<!-- Generated by org.testng.reporters.JUnitXMLReporter -->
<testsuite hostname="STEPARROW" ignored="0" name="Default test(failed)" tests="4" failures="0" timestamp="25 Aug 2017 12:02:24 GMT" time="111.573" errors="0">
  <testcase name="login" time="2.896" classname="Runner.Testrunner"/>
  <testcase name="homepage" time="7.662" classname="Runner.Testrunner"/>
  <testcase name="production" time="50.791" classname="Runner.Testrunner"/>
  <testcase name="ViewDirectory" time="49.454" classname="Runner.Testrunner"/>
</testsuite> <!-- Default test(failed) -->
