<?xml version="1.0" encoding="UTF-8"?>
<testsuite name="Test"
           tests="4"
           failures="0"
           errors="0"
           skipped="0"
           time="120.441">
  <properties />
  
  
            <testcase name="production" time="55.972" classname="Testrunner" />
                <testcase name="login" time="3.651" classname="Testrunner" />
                <testcase name="homepage" time="8.600" classname="Testrunner" />
                <testcase name="ViewDirectory" time="52.218" classname="Testrunner" />
      
</testsuite>
